<?xml version="1.0" encoding="UTF-8"?>
<testsuite name="simple.scala.gradle.project.MainSuite" tests="1" skipped="0" failures="0" errors="0" timestamp="2021-08-16T20:19:04" hostname="MacBook-Pro.fios-router.home" time="0.037">
  <properties/>
  <testcase name="true is always true" classname="simple.scala.gradle.project.MainSuite" time="0.037"/>
  <system-out><![CDATA[]]></system-out>
  <system-err><![CDATA[]]></system-err>
</testsuite>
